<?xml version="1.0" encoding="UTF-8"?>
<testsuite xmlns:xsi="http://www.w3.org/2001/XMLSchema-instance" xsi:noNamespaceSchemaLocation="https://maven.apache.org/surefire/maven-surefire-plugin/xsd/surefire-test-report-3.0.xsd" version="3.0" name="com.example.pedido.PedidoServiceTest" time="0.115" tests="2" errors="0" skipped="0" failures="0">
  <properties>
[...]
</properties>
  <testcase name="deveAplicarDescontoParaClienteVIP" classname="com.example.pedido.PedidoServiceTest" time="0.08">
    <system-out><![CDATA[[Email] Enviando email para pedido 1
[Estoque] Atualizando estoque para o pedido 1
]]></system-out>
  </testcase>
  <testcase name="deveManterValorParaClientePadrao" classname="com.example.pedido.PedidoServiceTest" time="0.003"/>
</testsuite>